0 info it worked if it ends with ok
1 verbose cli [ 'node', '/usr/local/bin/npm', 'install', 'fs', '--save' ]
2 info using npm@2.5.1
3 info using node@v0.12.0
4 silly cache add args [ 'fs', null ]
5 verbose cache add spec fs
6 silly cache add parsed spec { raw: 'fs',
6 silly cache add   scope: null,
6 silly cache add   name: 'fs',
6 silly cache add   rawSpec: '',
6 silly cache add   spec: '*',
6 silly cache add   type: 'range' }
7 verbose addNamed fs@*
8 silly addNamed semver.valid null
9 silly addNamed semver.validRange *
10 silly addNameRange { name: 'fs', range: '*', hasData: false }
11 silly mapToRegistry name fs
12 silly mapToRegistry using default registry
13 silly mapToRegistry registry https://registry.npmjs.org/
14 silly mapToRegistry uri https://registry.npmjs.org/fs
15 verbose addNameRange registry:https://registry.npmjs.org/fs not in flight; fetching
16 verbose request uri https://registry.npmjs.org/fs
17 verbose request no auth needed
18 info attempt registry request try #1 at 14:30:58
19 verbose request id eb91bf57dd10206d
20 http request GET https://registry.npmjs.org/fs
21 http 200 https://registry.npmjs.org/fs
22 silly get cb [ 200,
22 silly get   { date: 'Wed, 25 Mar 2015 06:31:00 GMT',
22 silly get     server: 'CouchDB/1.5.0 (Erlang OTP/R16B03)',
22 silly get     etag: '"3L31VQWPYJLGLUTV9OUYSCJRB"',
22 silly get     'content-type': 'application/json',
22 silly get     'cache-control': 'max-age=60',
22 silly get     'content-length': '1577',
22 silly get     'accept-ranges': 'bytes',
22 silly get     via: '1.1 varnish',
22 silly get     age: '0',
22 silly get     'x-served-by': 'cache-nrt6132-NRT',
22 silly get     'x-cache': 'HIT',
22 silly get     'x-cache-hits': '1',
22 silly get     'x-timer': 'S1427265059.991196,VS0,VE101',
22 silly get     vary: 'Accept',
22 silly get     'keep-alive': 'timeout=10, max=50',
22 silly get     connection: 'Keep-Alive' } ]
23 verbose get saving fs to /Users/Cami/.npm/registry.npmjs.org/fs/.cache.json
24 silly addNameRange number 2 { name: 'fs', range: '*', hasData: true }
25 silly addNameRange versions [ 'fs', [ '0.0.0', '0.0.2' ] ]
26 verbose addNamed fs@0.0.2
27 silly addNamed semver.valid 0.0.2
28 silly addNamed semver.validRange 0.0.2
29 silly mapToRegistry name fs
30 silly mapToRegistry using default registry
31 silly mapToRegistry registry https://registry.npmjs.org/
32 silly mapToRegistry uri https://registry.npmjs.org/fs
33 verbose addRemoteTarball https://registry.npmjs.org/fs/-/fs-0.0.2.tgz not in flight; adding
34 verbose addRemoteTarball [ 'https://registry.npmjs.org/fs/-/fs-0.0.2.tgz',
34 verbose addRemoteTarball   'e1f244ef3933c1b2a64bd4799136060d0f5914f8' ]
35 info retry fetch attempt 1 at 14:30:59
36 info attempt registry request try #1 at 14:30:59
37 http fetch GET https://registry.npmjs.org/fs/-/fs-0.0.2.tgz
38 http fetch 200 https://registry.npmjs.org/fs/-/fs-0.0.2.tgz
39 silly fetchAndShaCheck shasum e1f244ef3933c1b2a64bd4799136060d0f5914f8
40 verbose addTmpTarball /var/folders/rz/0chzzl3x5h56zgv48gr0mtc40000gn/T/npm-35092-2a51a109/registry.npmjs.org/fs/-/fs-0.0.2.tgz not in flight; adding
41 verbose addTmpTarball already have metadata; skipping unpack for fs@0.0.2
42 silly cache afterAdd fs@0.0.2
43 verbose afterAdd /Users/Cami/.npm/fs/0.0.2/package/package.json not in flight; writing
44 verbose afterAdd /Users/Cami/.npm/fs/0.0.2/package/package.json written
45 silly install resolved [ { name: 'fs',
45 silly install resolved     version: '0.0.2',
45 silly install resolved     description: '',
45 silly install resolved     main: 'index.js',
45 silly install resolved     scripts: { test: 'echo "Error: no test specified" && exit 1' },
45 silly install resolved     author: '',
45 silly install resolved     license: 'MIT',
45 silly install resolved     _id: 'fs@0.0.2',
45 silly install resolved     _shasum: 'e1f244ef3933c1b2a64bd4799136060d0f5914f8',
45 silly install resolved     _from: 'fs@*',
45 silly install resolved     _npmVersion: '1.4.14',
45 silly install resolved     _npmUser: { name: 'alsotang', email: 'alsotang@gmail.com' },
45 silly install resolved     maintainers: [ [Object] ],
45 silly install resolved     dist:
45 silly install resolved      { shasum: 'e1f244ef3933c1b2a64bd4799136060d0f5914f8',
45 silly install resolved        tarball: 'http://registry.npmjs.org/fs/-/fs-0.0.2.tgz' },
45 silly install resolved     directories: {},
45 silly install resolved     _resolved: 'https://registry.npmjs.org/fs/-/fs-0.0.2.tgz' } ]
46 info install fs@0.0.2 into /Users/Cami/WebstormProjects/enroll
47 info installOne fs@0.0.2
48 verbose installOne of fs to /Users/Cami/WebstormProjects/enroll not in flight; installing
49 verbose lock using /Users/Cami/.npm/_locks/fs-b6136e593920c7bd.lock for /Users/Cami/WebstormProjects/enroll/node_modules/fs
50 silly install write writing fs 0.0.2 to /Users/Cami/WebstormProjects/enroll/node_modules/fs
51 silly cache addNamed cb fs@0.0.2
52 verbose unbuild node_modules/fs
53 verbose gentlyRm vacuuming /Users/Cami/WebstormProjects/enroll/node_modules/fs
54 verbose tar unpack /Users/Cami/.npm/fs/0.0.2/package.tgz
55 verbose tar unpacking to /Users/Cami/WebstormProjects/enroll/node_modules/fs
56 verbose gentlyRm vacuuming /Users/Cami/WebstormProjects/enroll/node_modules/fs
57 silly gunzTarPerm modes [ '755', '644' ]
58 silly gunzTarPerm extractEntry package.json
59 silly gunzTarPerm extractEntry index.js
60 info preinstall fs@0.0.2
61 silly install resolved []
62 verbose about to build /Users/Cami/WebstormProjects/enroll/node_modules/fs
63 info build /Users/Cami/WebstormProjects/enroll/node_modules/fs
64 verbose linkStuff [ false,
64 verbose linkStuff   false,
64 verbose linkStuff   false,
64 verbose linkStuff   '/Users/Cami/WebstormProjects/enroll/node_modules' ]
65 info linkStuff fs@0.0.2
66 verbose linkBins fs@0.0.2
67 verbose linkMans fs@0.0.2
68 verbose rebuildBundles fs@0.0.2
69 info install fs@0.0.2
70 info postinstall fs@0.0.2
71 verbose unlock done using /Users/Cami/.npm/_locks/fs-b6136e593920c7bd.lock for /Users/Cami/WebstormProjects/enroll/node_modules/fs
72 verbose stack Error: The package grunt does not satisfy its siblings' peerDependencies requirements!
72 verbose stack     at /usr/local/lib/node_modules/npm/lib/install.js:103:32
72 verbose stack     at /usr/local/lib/node_modules/npm/lib/install.js:225:5
72 verbose stack     at /usr/local/lib/node_modules/npm/node_modules/read-installed/read-installed.js:138:5
72 verbose stack     at /usr/local/lib/node_modules/npm/node_modules/read-installed/read-installed.js:251:14
72 verbose stack     at cb (/usr/local/lib/node_modules/npm/node_modules/slide/lib/async-map.js:47:24)
72 verbose stack     at /usr/local/lib/node_modules/npm/node_modules/read-installed/read-installed.js:251:14
72 verbose stack     at cb (/usr/local/lib/node_modules/npm/node_modules/slide/lib/async-map.js:47:24)
72 verbose stack     at /usr/local/lib/node_modules/npm/node_modules/read-installed/read-installed.js:251:14
72 verbose stack     at cb (/usr/local/lib/node_modules/npm/node_modules/slide/lib/async-map.js:47:24)
72 verbose stack     at /usr/local/lib/node_modules/npm/node_modules/read-installed/read-installed.js:251:14
73 verbose cwd /Users/Cami/WebstormProjects/enroll
74 error Darwin 14.1.0
75 error argv "node" "/usr/local/bin/npm" "install" "fs" "--save"
76 error node v0.12.0
77 error npm  v2.5.1
78 error code EPEERINVALID
79 error peerinvalid The package grunt does not satisfy its siblings' peerDependencies requirements!
79 error peerinvalid Peer grunt-contrib-sass@0.4.0 wants grunt@~0.4.0
79 error peerinvalid Peer grunt-contrib-watch@0.4.3 wants grunt@~0.4.0
79 error peerinvalid Peer grunt-nodemon@0.4.0 wants grunt@~0.4.1
79 error peerinvalid Peer grunt-hook@0.3.1 wants grunt@~0.4.5
80 verbose exit [ 1, true ]
